* using log directory 'C:/Users/Kevin/Desktop/RForge/oompa/pkg/PreProcess.Rcheck'
* using R version 3.4.0 (2017-04-21)
* using platform: x86_64-w64-mingw32 (64-bit)
* using session charset: ISO8859-1
* using option '--as-cran'
* checking for file 'PreProcess/DESCRIPTION' ... OK
* this is package 'PreProcess' version '3.1.3'
* checking CRAN incoming feasibility ... NOTE
Maintainer: 'Kevin R. Coombes <krc@silicovore.com>'

New submission

Strong dependencies not in mainstream repositories:
  oompaBase

The Date field is over a month old.
* checking package namespace information ... OK
* checking package dependencies ... OK
* checking if this is a source package ... OK
* checking if there is a namespace ... OK
* checking for executable files ... OK
* checking for hidden files and directories ... OK
* checking for portable file names ... OK
* checking whether package 'PreProcess' can be installed ... OK
* checking installed package size ... OK
* checking package directory ... OK
* checking 'build' directory ... OK
* checking DESCRIPTION meta-information ... OK
* checking top-level files ... OK
* checking for left-over files ... OK
* checking index information ... OK
* checking package subdirectories ... OK
* checking R files for non-ASCII characters ... OK
* checking R files for syntax errors ... OK
* checking whether the package can be loaded ... OK
* checking whether the package can be loaded with stated dependencies ... OK
* checking whether the package can be unloaded cleanly ... OK
* checking whether the namespace can be loaded with stated dependencies ... OK
* checking whether the namespace can be unloaded cleanly ... OK
* checking use of S3 registration ... OK
* checking dependencies in R code ... OK
* checking S3 generic/method consistency ... OK
* checking replacement functions ... OK
* checking foreign function calls ... OK
* checking R code for possible problems ... OK
* checking Rd files ... OK
* checking Rd metadata ... OK
* checking Rd line widths ... OK
* checking Rd cross-references ... OK
* checking for missing documentation entries ... OK
* checking for code/documentation mismatches ... OK
* checking Rd \usage sections ... OK
* checking Rd contents ... OK
* checking for unstated dependencies in examples ... OK
* checking sizes of PDF files under 'inst/doc' ... OK
* checking installed files from 'inst/doc' ... OK
* checking files in 'vignettes' ... OK
* checking examples ... OK
* checking for unstated dependencies in 'tests' ... OK
* checking tests ... OK
  Running 'test01-utility.R'
  Comparing 'test01-utility.Rout' to 'test01-utility.Rout.save' ... OK
  Running 'test03-channel-type.R'
  Comparing 'test03-channel-type.Rout' to 'test03-channel-type.Rout.save' ... OK
  Running 'test04-channel.R'
  Comparing 'test04-channel.Rout' to 'test04-channel.Rout.save' ... OK
  Running 'test05-processor.R'
  Comparing 'test05-processor.Rout' to 'test05-processor.Rout.save' ... OK
  Running 'test06-pipeline.R'
  Comparing 'test06-pipeline.Rout' to 'test06-pipeline.Rout.save' ... OK
  Running 'test07-complete-channel.R'
  Comparing 'test07-complete-channel.Rout' to 'test07-complete-channel.Rout.save' ... OK
* checking for unstated dependencies in vignettes ... OK
* checking package vignettes in 'inst/doc' ... OK
* checking re-building of vignette outputs ... OK
* checking PDF version of manual ... OK
* DONE
Status: 1 NOTE
